{
  "RSpec": {
    "coverage": {
      "/home/paulap/workspace/repo/cookbook/app/models/user.rb": [
        1,
        1,
        1,
        null,
        null,
        1,
        null,
        null
      ],
      "/home/paulap/workspace/repo/cookbook/app/models/application_record.rb": [
        1,
        1,
        null
      ],
      "/home/paulap/workspace/repo/cookbook/app/models/cuisine.rb": [
        1,
        1,
        null,
        1,
        1,
        null
      ],
      "/home/paulap/workspace/repo/cookbook/app/models/recipe_list_item.rb": [
        1,
        1,
        1,
        null
      ],
      "/home/paulap/workspace/repo/cookbook/app/models/recipe_list.rb": [
        1,
        1,
        1,
        1,
        null,
        1,
        1,
        null
      ],
      "/home/paulap/workspace/repo/cookbook/app/models/recipe_type.rb": [
        1,
        1,
        null,
        1,
        1,
        null
      ],
      "/home/paulap/workspace/repo/cookbook/app/models/recipe.rb": [
        1,
        1,
        null,
        1,
        1,
        1,
        1,
        1,
        1,
        null,
        1,
        null,
        null,
        1,
        null,
        1,
        45,
        null,
        null
      ],
      "/home/paulap/workspace/repo/cookbook/app/controllers/application_controller.rb": [
        1,
        null
      ],
      "/home/paulap/workspace/repo/cookbook/app/controllers/recipes_controller.rb": [
        1,
        null,
        1,
        1,
        1,
        null,
        1,
        54,
        null,
        null,
        1,
        11,
        11,
        null,
        null,
        1,
        2,
        2,
        2,
        null,
        null,
        1,
        2,
        2,
        2,
        1,
        null,
        1,
        1,
        1,
        1,
        null,
        null,
        null,
        1,
        2,
        2,
        2,
        null,
        0,
        null,
        null,
        null,
        1,
        2,
        1,
        null,
        1,
        1,
        1,
        1,
        null,
        null,
        null,
        1,
        3,
        null,
        3,
        1,
        null,
        null,
        null,
        1,
        1,
        null,
        null,
        1,
        1,
        1,
        1,
        1,
        1,
        null,
        null,
        1,
        3,
        null,
        null,
        1,
        1,
        1,
        null,
        null,
        1,
        1,
        1,
        null,
        null,
        1,
        null,
        1,
        17,
        null,
        null,
        1,
        4,
        null,
        null,
        null,
        1,
        5,
        null,
        null
      ],
      "/home/paulap/workspace/repo/cookbook/app/controllers/cuisines_controller.rb": [
        1,
        null,
        1,
        2,
        null,
        null,
        1,
        4,
        null,
        null,
        1,
        4,
        4,
        2,
        null,
        2,
        2,
        null,
        null,
        null,
        null
      ],
      "/home/paulap/workspace/repo/cookbook/app/controllers/recipe_types_controller.rb": [
        1,
        1,
        1,
        null,
        1,
        4,
        null,
        null,
        1,
        4,
        null,
        null,
        1,
        4,
        4,
        2,
        null,
        2,
        2,
        null,
        null,
        null,
        1,
        2,
        null,
        null,
        1,
        8,
        null,
        null,
        null
      ],
      "/home/paulap/workspace/repo/cookbook/app/controllers/recipe_lists_controller.rb": [
        1,
        1,
        null,
        1,
        3,
        null,
        null,
        1,
        3,
        null,
        null,
        1,
        3,
        3,
        3,
        2,
        null,
        1,
        1,
        null,
        null,
        null,
        1,
        1,
        null,
        null
      ],
      "/home/paulap/workspace/repo/cookbook/app/controllers/api/v1/recipe_types_controller.rb": [
        1,
        1,
        2,
        2,
        1,
        null,
        1,
        null,
        null,
        null
      ],
      "/home/paulap/workspace/repo/cookbook/app/controllers/api/v1/api_controller.rb": [
        1,
        null
      ],
      "/home/paulap/workspace/repo/cookbook/app/controllers/api/v1/recipes_controller.rb": [
        1,
        null,
        1,
        2,
        1,
        null,
        null,
        1,
        null,
        null,
        1,
        0,
        0,
        0,
        null,
        0,
        null,
        null,
        null,
        1,
        null,
        1,
        0,
        null,
        null,
        null,
        null
      ]
    },
    "timestamp": 1567949452
  }
}
